New log file opened at Wed Aug 17 09:13:26 PDT 2016 by 12148@Lenovo-PC
Sending msg to client activator-fea56585-88fc-4de4-a209-c0e40c0bef6e: DetachedLogEvent(LogMessage(debug,sbt server socket logs are in: C:\Users\krishnachaitanya\mapr_connect1\.sbtserver\connections\master.log))
Sending msg to client activator-fea56585-88fc-4de4-a209-c0e40c0bef6e: DetachedLogEvent(LogMessage(debug,sbt general server logs are in: C:\Users\krishnachaitanya\mapr_connect1\.sbtserver\master.log))
Sending msg to client activator-fea56585-88fc-4de4-a209-c0e40c0bef6e: DetachedLogEvent(LogMessage(debug,sbt client logs are in: C:\Users\krishnachaitanya\mapr_connect1\.sbtserver\connections\activator-fea56585-88fc-4de4-a209-c0e40c0bef6e.log))
Reading next message from client.
Got request: ListenToEvents()
Reading next message from client.
Got request: ListenToBuildChange()
Reading next message from client.
Got request: SendSyntheticBuildChanged()
Reading next message from client.
Got request: KeyLookupRequest(discoveredMainClasses)
Reading next message from client.
Sending msg to client activator-fea56585-88fc-4de4-a209-c0e40c0bef6e: (3,ReceivedResponse())
Got request: KeyLookupRequest(mainClass)
Reading next message from client.
Sending msg to client activator-fea56585-88fc-4de4-a209-c0e40c0bef6e: DetachedLogEvent(LogMessage(debug,> initialize))
Sending msg to client activator-fea56585-88fc-4de4-a209-c0e40c0bef6e: DetachedLogEvent(LogMessage(debug,> onFailure load-failed))
Sending msg to client activator-fea56585-88fc-4de4-a209-c0e40c0bef6e: DetachedLogEvent(LogMessage(debug,> boot))
Sending msg to client activator-fea56585-88fc-4de4-a209-c0e40c0bef6e: DetachedLogEvent(LogMessage(debug,> reload))
Sending msg to client activator-fea56585-88fc-4de4-a209-c0e40c0bef6e: DetachedLogEvent(LogMessage(debug,[Loading] Scanning directory C:\Users\krishnachaitanya\mapr_connect1\project))
Sending msg to client activator-fea56585-88fc-4de4-a209-c0e40c0bef6e: DetachedLogEvent(LogMessage(debug,[Loading] Found non-root projects ))
Sending msg to client activator-fea56585-88fc-4de4-a209-c0e40c0bef6e: DetachedLogEvent(LogMessage(debug,[Loading] Done in C:\Users\krishnachaitanya\mapr_connect1\project, returning: ()))
Sending msg to client activator-fea56585-88fc-4de4-a209-c0e40c0bef6e: DetachedLogEvent(LogMessage(debug,deducing auto plugins based on known facts Set(Atom(sbt.plugins.CorePlugin)) and clauses Clauses(List(Clause(Atom(sbt.plugins.JvmPlugin),Set(Atom(sbt.plugins.IvyPlugin))), Clause(Atom(sbt.plugins.JUnitXmlReportPlugin),Set(Atom(sbt.plugins.JvmPlugin))), Clause(Atom(sbt.plugins.CorePlugin),Set(Atom(sbt.plugins.IvyPlugin))), Clause(Atom(sbt.plugins.IvyPlugin),Set(Atom(sbt.plugins.JvmPlugin))), Clause(Atom(sbt.plugins.JvmPlugin),Set(Atom(sbt.plugins.JUnitXmlReportPlugin)))))))
Sending msg to client activator-fea56585-88fc-4de4-a209-c0e40c0bef6e: DetachedLogEvent(LogMessage(debug,  :: deduced result: Matched(sbt.plugins.CorePlugin,sbt.plugins.IvyPlugin,sbt.plugins.JvmPlugin,sbt.plugins.JUnitXmlReportPlugin)))
Sending msg to client activator-fea56585-88fc-4de4-a209-c0e40c0bef6e: DetachedLogEvent(LogMessage(debug,sorting: ns: List(sbt.plugins.CorePlugin, sbt.plugins.IvyPlugin, sbt.plugins.JvmPlugin, sbt.plugins.JUnitXmlReportPlugin)))
Sending msg to client activator-fea56585-88fc-4de4-a209-c0e40c0bef6e: DetachedLogEvent(LogMessage(debug,  :: sorting:: found: List(sbt.plugins.CorePlugin) not found List(sbt.plugins.IvyPlugin, sbt.plugins.JvmPlugin, sbt.plugins.JUnitXmlReportPlugin)))
Sending msg to client activator-fea56585-88fc-4de4-a209-c0e40c0bef6e: DetachedLogEvent(LogMessage(debug,  :: sorting:: found: List(sbt.plugins.CorePlugin, sbt.plugins.IvyPlugin) not found List(sbt.plugins.JvmPlugin, sbt.plugins.JUnitXmlReportPlugin)))
Sending msg to client activator-fea56585-88fc-4de4-a209-c0e40c0bef6e: DetachedLogEvent(LogMessage(debug,  :: sorting:: found: List(sbt.plugins.CorePlugin, sbt.plugins.IvyPlugin, sbt.plugins.JvmPlugin) not found List(sbt.plugins.JUnitXmlReportPlugin)))
Sending msg to client activator-fea56585-88fc-4de4-a209-c0e40c0bef6e: DetachedLogEvent(LogMessage(debug,  :: sorting:: found: List(sbt.plugins.CorePlugin, sbt.plugins.IvyPlugin, sbt.plugins.JvmPlugin, sbt.plugins.JUnitXmlReportPlugin) not found List()))
Sending msg to client activator-fea56585-88fc-4de4-a209-c0e40c0bef6e: DetachedLogEvent(LogMessage(debug,  :: sorted deduced result: List(sbt.plugins.CorePlugin, sbt.plugins.IvyPlugin, sbt.plugins.JvmPlugin, sbt.plugins.JUnitXmlReportPlugin)))
Sending msg to client activator-fea56585-88fc-4de4-a209-c0e40c0bef6e: DetachedLogEvent(LogMessage(debug,[Loading] Done in C:\Users\krishnachaitanya\mapr_connect1\project, returning: (mapr_connect1-build)))
Sending msg to client activator-fea56585-88fc-4de4-a209-c0e40c0bef6e: DetachedLogEvent(LogMessage(info,Loading project definition from C:\Users\krishnachaitanya\mapr_connect1\project))
Sending msg to client activator-fea56585-88fc-4de4-a209-c0e40c0bef6e: DetachedLogEvent(LogMessage(debug,Running task... Cancel: sbt.TaskCancellationStrategy$Null$@59e215cb, check cycles: false))
Got request: UnlistenToEvents()
Reading next message from client.
Got request: UnlistenToBuildChange()
Reading next message from client.
Client activator-fea56585-88fc-4de4-a209-c0e40c0bef6e EOF, shutting down.
Stopping client.
Dropping message (8,ReceivedResponse()) to dead client activator-fea56585-88fc-4de4-a209-c0e40c0bef6e
Dropping message (0,ReceivedResponse()) to dead client activator-fea56585-88fc-4de4-a209-c0e40c0bef6e
Client activator-fea56585-88fc-4de4-a209-c0e40c0bef6e thread exiting.
Dropping message (4,ReceivedResponse()) to dead client activator-fea56585-88fc-4de4-a209-c0e40c0bef6e
Dropping message BuildStructureChanged(MinimalBuildStructure(Vector(file:/C:/Users/krishnachaitanya/mapr_connect1/),Vector(MinimalProjectStructure(ProjectReference(file:/C:/Users/krishnachaitanya/mapr_connect1/,root),Vector(sbt.plugins.CorePlugin, com.typesafe.sbt.SbtNativePackager, sbt.plugins.InteractionServicePlugin, sbt.plugins.SendEventServicePlugin, sbt.plugins.SerializersPlugin, sbt.plugins.IvyPlugin, com.typesafe.sbt.packager.universal.UniversalPlugin, sbt.plugins.JvmPlugin, com.typesafe.sbt.packager.windows.WindowsPlugin, com.typesafe.sbt.packager.docker.DockerPlugin, com.typesafe.sbt.packager.linux.LinuxPlugin, play.twirl.sbt.SbtTwirl, play.sbt.routes.RoutesCompiler, com.typesafe.play.sbt.enhancer.PlayEnhancer, sbt.plugins.JUnitXmlReportPlugin, sbt.plugins.BackgroundRunPlugin, com.typesafe.sbt.packager.rpm.RpmPlugin, com.typesafe.sbt.web.SbtWeb, com.typesafe.sbt.packager.debian.DebianPlugin, com.typesafe.sbt.packager.archetypes.JavaAppPackaging, com.typesafe.sbt.jse.SbtJsEngine, org.irundaia.sbt.sass.SbtSassify, com.typesafe.sbt.digest.SbtDigest, com.typesafe.sbt.packager.archetypes.JavaServerAppPackaging, com.typesafe.sbt.jse.SbtJsTask, play.sbt.Play, com.typesafe.sbt.jshint.SbtJSHint, com.typesafe.sbt.mocha.SbtMocha, com.typesafe.sbt.less.SbtLess, com.typesafe.sbt.rjs.SbtRjs, com.typesafe.sbt.coffeescript.SbtCoffeeScript, play.sbt.PlayJava, play.sbt.PlayNettyServer, play.sbt.PlayLayoutPlugin, play.sbt.PlayLogback, play.sbt.forkrun.PlayForkRun))))) to dead client activator-fea56585-88fc-4de4-a209-c0e40c0bef6e
Dropping message (6,KeyLookupResponse(discoveredMainClasses,Vector(AttributeKey[scala.collection.Seq[java.lang.String]]("discoveredMainClasses") in Scope(Build: file:/C:/Users/krishnachaitanya/mapr_connect1/, , Project: ProjectReference(file:/C:/Users/krishnachaitanya/mapr_connect1/,root), Config: compile)))) to dead client activator-fea56585-88fc-4de4-a209-c0e40c0bef6e
Dropping message (7,KeyLookupResponse(mainClass,Vector(AttributeKey[scala.Option[java.lang.String]]("mainClass") in Scope(Build: file:/C:/Users/krishnachaitanya/mapr_connect1/, , Project: ProjectReference(file:/C:/Users/krishnachaitanya/mapr_connect1/,root), Config: compile)))) to dead client activator-fea56585-88fc-4de4-a209-c0e40c0bef6e
Dropping message (9,ReceivedResponse()) to dead client activator-fea56585-88fc-4de4-a209-c0e40c0bef6e
